[debug] [2025-07-01T05:34:09.780Z] ----------------------------------------------------------------------
[debug] [2025-07-01T05:34:09.784Z] Command:       C:\Program Files\nodejs\node.exe C:\Users\Imago\app-welcome-nest\node_modules\firebase-tools\lib\bin\firebase.js init functions
[debug] [2025-07-01T05:34:09.784Z] CLI Version:   14.9.0
[debug] [2025-07-01T05:34:09.784Z] Platform:      win32
[debug] [2025-07-01T05:34:09.784Z] Node Version:  v20.17.0
[debug] [2025-07-01T05:34:09.784Z] Time:          Tue Jul 01 2025 06:34:09 GMT+0100 (West Africa Standard Time)
[debug] [2025-07-01T05:34:09.785Z] ----------------------------------------------------------------------
[debug] 
[debug] [2025-07-01T05:34:10.057Z] > command requires scopes: ["email","openid","https://www.googleapis.com/auth/cloudplatformprojects.readonly","https://www.googleapis.com/auth/firebase","https://www.googleapis.com/auth/cloud-platform"]
[debug] [2025-07-01T05:34:10.058Z] > authorizing via signed-in user (devdaniel001@gmail.com)
[info] 
     ######## #### ########  ######## ########     ###     ######  ########
     ##        ##  ##     ## ##       ##     ##  ##   ##  ##       ##
     ######    ##  ########  ######   ########  #########  ######  ######
     ##        ##  ##    ##  ##       ##     ## ##     ##       ## ##
     ##       #### ##     ## ######## ########  ##     ##  ######  ########

You're about to initialize a Firebase project in this directory:

  C:\Users\Imago\app-welcome-nest

Before we get started, keep in mind:

  * You are initializing within an existing Firebase project directory

[debug] [2025-07-01T05:34:18.590Z] ExitPromptError: User force closed the prompt with SIGINT
    at Interface.sigint (C:\Users\Imago\app-welcome-nest\node_modules\@inquirer\core\dist\commonjs\lib\create-prompt.js:101:37)
    at Interface.emit (node:events:519:28)
    at Interface.emit (node:domain:488:12)
    at [_ttyWrite] [as _ttyWrite] (node:internal/readline/interface:1126:18)
    at ReadStream.onkeypress (node:internal/readline/interface:265:20)
    at ReadStream.emit (node:events:531:35)
    at ReadStream.emit (node:domain:488:12)
    at emitKeys (node:internal/readline/utils:371:14)
    at emitKeys.next (<anonymous>)
    at ReadStream.onData (node:internal/readline/emitKeypressEvents:64:36)
[error] 
[error] Error: An unexpected error has occurred.
